d:\mysoloproject\iocp\mmoserver\mmoserver\mmoserver\x64\debug\vc141.pdb
d:\mysoloproject\iocp\mmoserver\mmoserver\mmoserver\x64\debug\vc141.idb
d:\mysoloproject\iocp\mmoserver\mmoserver\mmoserver\x64\debug\workthreadinfo.obj
d:\mysoloproject\iocp\mmoserver\mmoserver\mmoserver\x64\debug\util.obj
d:\mysoloproject\iocp\mmoserver\mmoserver\mmoserver\x64\debug\readyserver.obj
d:\mysoloproject\iocp\mmoserver\mmoserver\mmoserver\x64\debug\main.obj
d:\mysoloproject\iocp\mmoserver\mmoserver\mmoserver\x64\debug\link.obj
d:\mysoloproject\iocp\mmoserver\mmoserver\mmoserver\x64\debug\errorhandler.obj
d:\mysoloproject\iocp\mmoserver\mmoserver\mmoserver\x64\debug\errorcode.obj
d:\mysoloproject\iocp\mmoserver\mmoserver\mmoserver\x64\debug\constvalue.obj
d:\mysoloproject\iocp\mmoserver\mmoserver\mmoserver\x64\debug\commandmap.obj
d:\mysoloproject\iocp\mmoserver\mmoserver\mmoserver\x64\debug\areamanager.obj
d:\mysoloproject\iocp\mmoserver\mmoserver\mmoserver\x64\debug\area.obj
d:\mysoloproject\iocp\mmoserver\mmoserver\x64\debug\mmoserver.ilk
d:\mysoloproject\iocp\mmoserver\mmoserver\x64\debug\mmoserver.exe
d:\mysoloproject\iocp\mmoserver\mmoserver\x64\debug\mmoserver.pdb
d:\mysoloproject\iocp\mmoserver\mmoserver\mmoserver\x64\debug\mmoserver.tlog\cl.command.1.tlog
d:\mysoloproject\iocp\mmoserver\mmoserver\mmoserver\x64\debug\mmoserver.tlog\cl.read.1.tlog
d:\mysoloproject\iocp\mmoserver\mmoserver\mmoserver\x64\debug\mmoserver.tlog\cl.write.1.tlog
d:\mysoloproject\iocp\mmoserver\mmoserver\mmoserver\x64\debug\mmoserver.tlog\link.command.1.tlog
d:\mysoloproject\iocp\mmoserver\mmoserver\mmoserver\x64\debug\mmoserver.tlog\link.read.1.tlog
d:\mysoloproject\iocp\mmoserver\mmoserver\mmoserver\x64\debug\mmoserver.tlog\link.write.1.tlog
